<?xml version="1.0" encoding="UTF-8"?>
<testng-results ignored="0" total="1" passed="1" failed="0" skipped="0">
  <reporter-output>
  </reporter-output>
  <suite started-at="2025-11-18T12:00:58 IST" name="Default suite" finished-at="2025-11-18T12:01:21 IST" duration-ms="22819">
    <groups>
    </groups>
    <test started-at="2025-11-18T12:00:58 IST" name="Default test" finished-at="2025-11-18T12:01:21 IST" duration-ms="22819">
      <class name="testcases.FlightDetailsTest">
        <test-method is-config="true" signature="setUp()[pri:0, instance:testcases.FlightDetailsTest@5c671d7f]" started-at="2025-11-18T12:00:58 IST" name="setUp" finished-at="2025-11-18T12:01:01 IST" duration-ms="2630" status="PASS">
          <reporter-output>
          </reporter-output>
        </test-method> <!-- setUp -->
        <test-method signature="getIndigoFlightDetails()[pri:0, instance:testcases.FlightDetailsTest@5c671d7f]" started-at="2025-11-18T12:01:01 IST" name="getIndigoFlightDetails" finished-at="2025-11-18T12:01:20 IST" duration-ms="18760" status="PASS">
          <reporter-output>
          </reporter-output>
        </test-method> <!-- getIndigoFlightDetails -->
        <test-method is-config="true" signature="tearDown()[pri:0, instance:testcases.FlightDetailsTest@5c671d7f]" started-at="2025-11-18T12:01:20 IST" name="tearDown" finished-at="2025-11-18T12:01:21 IST" duration-ms="1369" status="PASS">
          <reporter-output>
          </reporter-output>
        </test-method> <!-- tearDown -->
      </class> <!-- testcases.FlightDetailsTest -->
    </test> <!-- Default test -->
  </suite> <!-- Default suite -->
</testng-results>
