<?xml version="1.0" encoding="UTF-8"?>
<testng-results ignored="0" total="1" passed="1" failed="0" skipped="0">
  <reporter-output>
  </reporter-output>
  <suite started-at="2025-11-13T19:31:07 IST" name="Default suite" finished-at="2025-11-13T19:31:14 IST" duration-ms="7682">
    <groups>
    </groups>
    <test started-at="2025-11-13T19:31:07 IST" name="Default test" finished-at="2025-11-13T19:31:14 IST" duration-ms="7682">
      <class name="testcases.LoginTest">
        <test-method is-config="true" signature="setup()[pri:0, instance:testcases.LoginTest@2df3b89c]" started-at="2025-11-13T19:31:07 IST" name="setup" finished-at="2025-11-13T19:31:12 IST" duration-ms="5261" status="PASS">
          <reporter-output>
          </reporter-output>
        </test-method> <!-- setup -->
        <test-method signature="verifyLogin()[pri:0, instance:testcases.LoginTest@2df3b89c]" started-at="2025-11-13T19:31:12 IST" name="verifyLogin" finished-at="2025-11-13T19:31:14 IST" duration-ms="2363" status="PASS">
          <reporter-output>
          </reporter-output>
        </test-method> <!-- verifyLogin -->
        <test-method is-config="true" signature="tearDown()[pri:0, instance:testcases.LoginTest@2df3b89c]" started-at="2025-11-13T19:31:14 IST" name="tearDown" finished-at="2025-11-13T19:31:14 IST" duration-ms="1" status="PASS">
          <reporter-output>
          </reporter-output>
        </test-method> <!-- tearDown -->
      </class> <!-- testcases.LoginTest -->
    </test> <!-- Default test -->
  </suite> <!-- Default suite -->
</testng-results>
